<?xml version="1.0" encoding="UTF-8"?>
<!-- Generated by org.testng.reporters.JUnitReportReporter -->
<testsuite skipped="0" hostname="DESKTOP-S4QJTI0" name="com.AmazonLoginFunction.AmazonLoginFunction" tests="1" failures="0" timestamp="22 Nov 2018 04:02:18 GMT" time="47.993" errors="0">
  <testcase name="getLogInTest" time="47.993" classname="com.AmazonLoginFunction.AmazonLoginFunction"/>
</testsuite> <!-- com.AmazonLoginFunction.AmazonLoginFunction -->
